INFO 2025-05-24 20:04:21,124 autoreload Watching for file changes with StatReloader
INFO 2025-05-24 20:04:51,039 basehttp "POST /contact/ HTTP/1.1" 200 24077
INFO 2025-05-24 20:04:57,511 basehttp "GET / HTTP/1.1" 200 54894
INFO 2025-05-24 20:04:57,539 basehttp "GET /static/img/arrow__mobile.png HTTP/1.1" 304 0
INFO 2025-05-24 20:04:57,550 basehttp "GET /static/img/Chiropractic.png HTTP/1.1" 304 0
INFO 2025-05-24 20:04:57,550 basehttp "GET /static/img/massage.png HTTP/1.1" 304 0
INFO 2025-05-24 20:04:57,552 basehttp "GET /static/img/acupuncture.png HTTP/1.1" 304 0
INFO 2025-05-24 20:04:57,552 basehttp "GET /static/img/therapy.png HTTP/1.1" 304 0
INFO 2025-05-24 20:04:57,554 basehttp "GET /static/img/newcar.svg HTTP/1.1" 304 0
INFO 2025-05-24 20:04:57,554 basehttp "GET /static/img/newbasketball.svg HTTP/1.1" 304 0
INFO 2025-05-24 20:04:57,554 basehttp "GET /static/img/newhardhat.svg HTTP/1.1" 304 0
INFO 2025-05-24 20:04:57,554 basehttp "GET /static/img/newslipandfall.svg HTTP/1.1" 304 0
INFO 2025-05-24 20:04:57,556 basehttp "GET /static/img/newambulance.svg HTTP/1.1" 304 0
INFO 2025-05-24 20:04:57,557 basehttp "GET /static/img/Family-Walk-In-Clinic-Logo-160.png HTTP/1.1" 304 0
WARNING 2025-05-24 20:04:57,566 basehttp "GET /static/img/blog/neck-pain.jpg HTTP/1.1" 404 1993
WARNING 2025-05-24 20:04:57,566 basehttp "GET /static/img/blog/covid.jpg HTTP/1.1" 404 1981
WARNING 2025-05-24 20:04:57,566 basehttp "GET /static/img/blog/auto-injury.jpg HTTP/1.1" 404 1999
INFO 2025-05-24 20:04:58,068 basehttp "GET /static/img/slider/01.jpg HTTP/1.1" 304 0
INFO 2025-05-24 20:04:58,068 basehttp "GET /static/img/slider/03.jpg HTTP/1.1" 304 0
INFO 2025-05-24 20:04:58,068 basehttp "GET /static/img/slider/02.jpg HTTP/1.1" 304 0
INFO 2025-05-24 20:04:58,068 basehttp "GET /static/img/slider/04.jpg HTTP/1.1" 304 0
INFO 2025-05-24 20:05:03,898 basehttp "GET /contact/ HTTP/1.1" 200 24009
INFO 2025-05-24 20:05:21,070 basehttp "POST /contact/ HTTP/1.1" 200 24058
INFO 2025-05-24 20:05:47,167 autoreload C:\Users\growy\CascadeProjects\artwebsite\acceleratedrehabtherapy\apps\main\views.py changed, reloading.
INFO 2025-05-24 20:05:47,597 autoreload Watching for file changes with StatReloader
INFO 2025-05-24 20:06:23,209 autoreload Watching for file changes with StatReloader
INFO 2025-05-24 20:06:39,105 basehttp "GET / HTTP/1.1" 200 54894
WARNING 2025-05-24 20:06:39,514 basehttp "GET /static/img/blog/auto-injury.jpg HTTP/1.1" 404 1999
WARNING 2025-05-24 20:06:39,517 basehttp "GET /static/img/blog/neck-pain.jpg HTTP/1.1" 404 1993
WARNING 2025-05-24 20:06:39,519 basehttp "GET /static/img/blog/covid.jpg HTTP/1.1" 404 1981
INFO 2025-05-24 20:06:43,769 basehttp "GET /contact/ HTTP/1.1" 200 24028
INFO 2025-05-24 20:06:56,081 basehttp "POST /contact/ HTTP/1.1" 200 24073
INFO 2025-05-24 20:07:26,597 autoreload C:\Users\growy\CascadeProjects\artwebsite\acceleratedrehabtherapy\apps\main\views.py changed, reloading.
INFO 2025-05-24 20:07:27,004 autoreload Watching for file changes with StatReloader
INFO 2025-05-24 20:07:32,714 autoreload C:\Users\growy\CascadeProjects\artwebsite\acceleratedrehabtherapy\settings.py changed, reloading.
INFO 2025-05-24 20:07:33,139 autoreload Watching for file changes with StatReloader
INFO 2025-05-24 20:08:26,710 autoreload Watching for file changes with StatReloader
INFO 2025-05-24 20:08:30,991 basehttp "GET / HTTP/1.1" 200 54894
WARNING 2025-05-24 20:08:31,043 basehttp "GET /static/img/blog/auto-injury.jpg HTTP/1.1" 404 1999
WARNING 2025-05-24 20:08:31,046 basehttp "GET /static/img/blog/neck-pain.jpg HTTP/1.1" 404 1993
WARNING 2025-05-24 20:08:31,048 basehttp "GET /static/img/blog/covid.jpg HTTP/1.1" 404 1981
INFO 2025-05-24 20:08:36,493 basehttp "GET /contact/ HTTP/1.1" 200 24028
INFO 2025-05-24 20:08:56,487 basehttp "POST /contact/ HTTP/1.1" 200 24073
INFO 2025-05-24 20:09:41,386 autoreload C:\Users\growy\CascadeProjects\artwebsite\acceleratedrehabtherapy\apps\main\views.py changed, reloading.
INFO 2025-05-24 20:09:41,826 autoreload Watching for file changes with StatReloader
INFO 2025-05-24 20:09:49,655 autoreload C:\Users\growy\CascadeProjects\artwebsite\acceleratedrehabtherapy\apps\main\views.py changed, reloading.
INFO 2025-05-24 20:09:50,077 autoreload Watching for file changes with StatReloader
INFO 2025-05-24 20:10:36,614 autoreload Watching for file changes with StatReloader
INFO 2025-05-24 20:11:48,955 autoreload C:\Users\growy\CascadeProjects\artwebsite\acceleratedrehabtherapy\settings.py changed, reloading.
INFO 2025-05-24 20:11:49,373 autoreload Watching for file changes with StatReloader
INFO 2025-05-24 20:12:32,992 autoreload Watching for file changes with StatReloader
INFO 2025-05-24 20:12:43,793 basehttp "GET / HTTP/1.1" 200 54894
INFO 2025-05-24 20:12:43,822 basehttp "GET /static/dist/styles.css HTTP/1.1" 304 0
INFO 2025-05-24 20:12:43,823 basehttp "GET /static/img/ARTlogoWHITE.png HTTP/1.1" 304 0
INFO 2025-05-24 20:12:43,823 basehttp "GET /static/img/arrow__mobile.png HTTP/1.1" 304 0
INFO 2025-05-24 20:12:43,831 basehttp "GET /static/img/massage.png HTTP/1.1" 304 0
INFO 2025-05-24 20:12:43,831 basehttp "GET /static/img/Chiropractic.png HTTP/1.1" 304 0
INFO 2025-05-24 20:12:43,831 basehttp "GET /static/img/therapy.png HTTP/1.1" 304 0
INFO 2025-05-24 20:12:43,834 basehttp "GET /static/img/newcar.svg HTTP/1.1" 304 0
INFO 2025-05-24 20:12:43,834 basehttp "GET /static/img/acupuncture.png HTTP/1.1" 304 0
INFO 2025-05-24 20:12:43,834 basehttp "GET /static/img/newhardhat.svg HTTP/1.1" 304 0
INFO 2025-05-24 20:12:43,835 basehttp "GET /static/img/newbasketball.svg HTTP/1.1" 304 0
INFO 2025-05-24 20:12:43,836 basehttp "GET /static/img/newslipandfall.svg HTTP/1.1" 304 0
INFO 2025-05-24 20:12:43,837 basehttp "GET /static/img/newambulance.svg HTTP/1.1" 304 0
WARNING 2025-05-24 20:12:43,841 basehttp "GET /static/img/blog/auto-injury.jpg HTTP/1.1" 404 1999
INFO 2025-05-24 20:12:43,841 basehttp "GET /static/img/Family-Walk-In-Clinic-Logo-160.png HTTP/1.1" 304 0
WARNING 2025-05-24 20:12:43,846 basehttp "GET /static/img/blog/neck-pain.jpg HTTP/1.1" 404 1993
WARNING 2025-05-24 20:12:43,846 basehttp "GET /static/img/blog/covid.jpg HTTP/1.1" 404 1981
INFO 2025-05-24 20:12:44,076 basehttp "GET /static/img/slider/02.jpg HTTP/1.1" 304 0
INFO 2025-05-24 20:12:44,076 basehttp "GET /static/img/slider/01.jpg HTTP/1.1" 304 0
INFO 2025-05-24 20:12:44,076 basehttp "GET /static/img/slider/04.jpg HTTP/1.1" 304 0
INFO 2025-05-24 20:12:44,076 basehttp "GET /static/img/slider/03.jpg HTTP/1.1" 304 0
INFO 2025-05-24 20:12:44,078 basehttp "GET /api/reviews/ HTTP/1.1" 200 1397
INFO 2025-05-24 20:12:48,207 basehttp "GET /contact/ HTTP/1.1" 200 24028
INFO 2025-05-24 20:13:01,721 basehttp "POST /contact/ HTTP/1.1" 302 0
INFO 2025-05-24 20:13:01,726 basehttp "GET /contact/ HTTP/1.1" 200 24318
INFO 2025-05-24 20:15:38,783 autoreload C:\Users\growy\CascadeProjects\artwebsite\acceleratedrehabtherapy\apps\main\views.py changed, reloading.
INFO 2025-05-24 20:15:39,227 autoreload Watching for file changes with StatReloader
INFO 2025-05-24 20:15:49,085 autoreload C:\Users\growy\CascadeProjects\artwebsite\acceleratedrehabtherapy\apps\main\views.py changed, reloading.
INFO 2025-05-24 20:15:49,525 autoreload Watching for file changes with StatReloader
INFO 2025-05-24 20:16:25,024 autoreload Watching for file changes with StatReloader
INFO 2025-05-24 20:16:55,517 basehttp "GET / HTTP/1.1" 200 54894
WARNING 2025-05-24 20:16:55,573 basehttp "GET /static/img/blog/neck-pain.jpg HTTP/1.1" 404 1993
WARNING 2025-05-24 20:16:55,574 basehttp "GET /static/img/blog/auto-injury.jpg HTTP/1.1" 404 1999
WARNING 2025-05-24 20:16:55,578 basehttp "GET /static/img/blog/covid.jpg HTTP/1.1" 404 1981
INFO 2025-05-24 20:16:59,527 basehttp "GET /contact/ HTTP/1.1" 200 24028
INFO 2025-05-24 20:17:13,678 basehttp "POST /contact/ HTTP/1.1" 302 0
INFO 2025-05-24 20:17:13,682 basehttp "GET /contact/ HTTP/1.1" 200 24318
INFO 2025-05-24 20:19:52,160 autoreload C:\Users\growy\CascadeProjects\artwebsite\acceleratedrehabtherapy\settings.py changed, reloading.
INFO 2025-05-24 20:19:52,605 autoreload Watching for file changes with StatReloader
INFO 2025-05-24 20:33:22,398 autoreload C:\Users\growy\CascadeProjects\artwebsite\acceleratedrehabtherapy\settings.py changed, reloading.
INFO 2025-05-24 20:33:22,818 autoreload Watching for file changes with StatReloader
INFO 2025-05-24 20:33:33,680 autoreload C:\Users\growy\CascadeProjects\artwebsite\acceleratedrehabtherapy\settings.py changed, reloading.
INFO 2025-05-24 20:33:34,099 autoreload Watching for file changes with StatReloader
INFO 2025-05-24 20:33:38,807 autoreload C:\Users\growy\CascadeProjects\artwebsite\acceleratedrehabtherapy\settings.py changed, reloading.
INFO 2025-05-24 20:33:39,222 autoreload Watching for file changes with StatReloader
INFO 2025-05-24 20:33:43,921 autoreload C:\Users\growy\CascadeProjects\artwebsite\acceleratedrehabtherapy\settings.py changed, reloading.
INFO 2025-05-24 20:33:44,334 autoreload Watching for file changes with StatReloader
INFO 2025-05-24 20:34:57,552 autoreload Watching for file changes with StatReloader
INFO 2025-05-24 20:35:01,842 basehttp "GET / HTTP/1.1" 200 54894
INFO 2025-05-24 20:35:01,865 basehttp "GET /static/dist/styles.css HTTP/1.1" 304 0
INFO 2025-05-24 20:35:01,865 basehttp "GET /static/img/ARTlogoWHITE.png HTTP/1.1" 304 0
INFO 2025-05-24 20:35:01,866 basehttp "GET /static/img/arrow__mobile.png HTTP/1.1" 304 0
INFO 2025-05-24 20:35:01,881 basehttp "GET /static/img/therapy.png HTTP/1.1" 304 0
INFO 2025-05-24 20:35:01,881 basehttp "GET /static/img/Chiropractic.png HTTP/1.1" 304 0
INFO 2025-05-24 20:35:01,881 basehttp "GET /static/img/massage.png HTTP/1.1" 304 0
INFO 2025-05-24 20:35:01,883 basehttp "GET /static/img/acupuncture.png HTTP/1.1" 304 0
INFO 2025-05-24 20:35:01,884 basehttp "GET /static/img/newcar.svg HTTP/1.1" 304 0
INFO 2025-05-24 20:35:01,885 basehttp "GET /static/img/newslipandfall.svg HTTP/1.1" 304 0
INFO 2025-05-24 20:35:01,885 basehttp "GET /static/img/newhardhat.svg HTTP/1.1" 304 0
INFO 2025-05-24 20:35:01,885 basehttp "GET /static/img/newbasketball.svg HTTP/1.1" 304 0
INFO 2025-05-24 20:35:01,885 basehttp "GET /static/img/newambulance.svg HTTP/1.1" 304 0
WARNING 2025-05-24 20:35:01,889 basehttp "GET /static/img/blog/auto-injury.jpg HTTP/1.1" 404 1999
INFO 2025-05-24 20:35:01,890 basehttp "GET /static/img/Family-Walk-In-Clinic-Logo-160.png HTTP/1.1" 304 0
WARNING 2025-05-24 20:35:01,895 basehttp "GET /static/img/blog/neck-pain.jpg HTTP/1.1" 404 1993
WARNING 2025-05-24 20:35:01,895 basehttp "GET /static/img/blog/covid.jpg HTTP/1.1" 404 1981
INFO 2025-05-24 20:35:02,273 basehttp "GET /static/img/slider/01.jpg HTTP/1.1" 304 0
INFO 2025-05-24 20:35:02,273 basehttp "GET /static/img/slider/02.jpg HTTP/1.1" 304 0
INFO 2025-05-24 20:35:02,273 basehttp "GET /static/img/slider/03.jpg HTTP/1.1" 304 0
INFO 2025-05-24 20:35:02,275 basehttp "GET /static/img/slider/04.jpg HTTP/1.1" 304 0
INFO 2025-05-24 20:35:02,277 basehttp "GET /api/reviews/ HTTP/1.1" 200 1397
INFO 2025-05-24 20:35:06,820 basehttp "GET /contact/ HTTP/1.1" 200 24028
INFO 2025-05-24 20:35:29,771 basehttp "POST /contact/ HTTP/1.1" 302 0
INFO 2025-05-24 20:35:29,777 basehttp "GET /contact/ HTTP/1.1" 200 24318
INFO 2025-05-24 20:46:13,488 autoreload C:\Users\growy\CascadeProjects\artwebsite\acceleratedrehabtherapy\settings.py changed, reloading.
INFO 2025-05-24 20:46:13,982 autoreload Watching for file changes with StatReloader
INFO 2025-05-24 20:49:09,832 autoreload C:\Users\growy\CascadeProjects\artwebsite\acceleratedrehabtherapy\settings.py changed, reloading.
INFO 2025-05-24 20:49:10,243 autoreload Watching for file changes with StatReloader
INFO 2025-05-24 20:53:29,434 autoreload Watching for file changes with StatReloader
INFO 2025-05-24 20:53:36,707 basehttp "GET / HTTP/1.1" 200 54894
INFO 2025-05-24 20:53:36,735 basehttp "GET /static/dist/styles.css HTTP/1.1" 304 0
INFO 2025-05-24 20:53:36,737 basehttp "GET /static/img/ARTlogoWHITE.png HTTP/1.1" 304 0
INFO 2025-05-24 20:53:36,737 basehttp "GET /static/img/arrow__mobile.png HTTP/1.1" 304 0
INFO 2025-05-24 20:53:36,746 basehttp "GET /static/img/Chiropractic.png HTTP/1.1" 304 0
INFO 2025-05-24 20:53:36,747 basehttp "GET /static/img/massage.png HTTP/1.1" 304 0
INFO 2025-05-24 20:53:36,751 basehttp "GET /static/img/acupuncture.png HTTP/1.1" 304 0
INFO 2025-05-24 20:53:36,752 basehttp "GET /static/img/therapy.png HTTP/1.1" 304 0
INFO 2025-05-24 20:53:36,752 basehttp "GET /static/img/newcar.svg HTTP/1.1" 304 0
INFO 2025-05-24 20:53:36,752 basehttp "GET /static/img/newbasketball.svg HTTP/1.1" 304 0
INFO 2025-05-24 20:53:36,752 basehttp "GET /static/img/newhardhat.svg HTTP/1.1" 304 0
INFO 2025-05-24 20:53:36,752 basehttp "GET /static/img/newslipandfall.svg HTTP/1.1" 304 0
INFO 2025-05-24 20:53:36,754 basehttp "GET /static/img/newambulance.svg HTTP/1.1" 304 0
INFO 2025-05-24 20:53:36,757 basehttp "GET /static/img/Family-Walk-In-Clinic-Logo-160.png HTTP/1.1" 304 0
WARNING 2025-05-24 20:53:36,767 basehttp "GET /static/img/blog/auto-injury.jpg HTTP/1.1" 404 1999
WARNING 2025-05-24 20:53:36,767 basehttp "GET /static/img/blog/neck-pain.jpg HTTP/1.1" 404 1993
WARNING 2025-05-24 20:53:36,768 basehttp "GET /static/img/blog/covid.jpg HTTP/1.1" 404 1981
INFO 2025-05-24 20:53:36,861 basehttp "GET /static/img/slider/01.jpg HTTP/1.1" 304 0
INFO 2025-05-24 20:53:36,861 basehttp "GET /static/img/slider/02.jpg HTTP/1.1" 304 0
INFO 2025-05-24 20:53:36,862 basehttp "GET /static/img/slider/03.jpg HTTP/1.1" 304 0
INFO 2025-05-24 20:53:36,862 basehttp "GET /static/img/slider/04.jpg HTTP/1.1" 304 0
INFO 2025-05-24 20:53:36,865 basehttp "GET /api/reviews/ HTTP/1.1" 200 1397
INFO 2025-05-24 20:53:41,190 basehttp "GET /contact/ HTTP/1.1" 200 24028
INFO 2025-05-24 20:54:01,808 basehttp "POST /contact/ HTTP/1.1" 302 0
INFO 2025-05-24 20:54:01,813 basehttp "GET /contact/ HTTP/1.1" 200 24318
INFO 2025-05-24 21:04:14,200 autoreload Watching for file changes with StatReloader
INFO 2025-05-24 21:04:23,591 basehttp "GET / HTTP/1.1" 200 54894
WARNING 2025-05-24 21:04:23,641 basehttp "GET /static/img/blog/auto-injury.jpg HTTP/1.1" 404 1999
WARNING 2025-05-24 21:04:23,641 basehttp "GET /static/img/blog/neck-pain.jpg HTTP/1.1" 404 1993
WARNING 2025-05-24 21:04:23,641 basehttp "GET /static/img/blog/covid.jpg HTTP/1.1" 404 1981
INFO 2025-05-24 21:04:49,975 basehttp "GET /static/img/pin.png HTTP/1.1" 304 0
INFO 2025-05-24 21:50:43,272 autoreload Watching for file changes with StatReloader
INFO 2025-05-24 21:50:51,467 basehttp "GET / HTTP/1.1" 200 55659
INFO 2025-05-24 21:50:51,493 basehttp "GET /static/dist/styles.css HTTP/1.1" 304 0
INFO 2025-05-24 21:50:51,493 basehttp "GET /static/img/ARTlogoWHITE.png HTTP/1.1" 304 0
INFO 2025-05-24 21:50:51,494 basehttp "GET /static/img/arrow__mobile.png HTTP/1.1" 304 0
INFO 2025-05-24 21:50:51,506 basehttp "GET /static/img/massage.png HTTP/1.1" 304 0
INFO 2025-05-24 21:50:51,506 basehttp "GET /static/img/Chiropractic.png HTTP/1.1" 304 0
INFO 2025-05-24 21:50:51,508 basehttp "GET /static/img/therapy.png HTTP/1.1" 304 0
INFO 2025-05-24 21:50:51,510 basehttp "GET /static/img/newcar.svg HTTP/1.1" 304 0
INFO 2025-05-24 21:50:51,510 basehttp "GET /static/img/acupuncture.png HTTP/1.1" 304 0
INFO 2025-05-24 21:50:51,510 basehttp "GET /static/img/newhardhat.svg HTTP/1.1" 304 0
INFO 2025-05-24 21:50:51,512 basehttp "GET /static/img/newslipandfall.svg HTTP/1.1" 304 0
INFO 2025-05-24 21:50:51,512 basehttp "GET /static/img/newbasketball.svg HTTP/1.1" 304 0
INFO 2025-05-24 21:50:51,512 basehttp "GET /static/img/newambulance.svg HTTP/1.1" 304 0
INFO 2025-05-24 21:50:51,515 basehttp "GET /static/img/Family-Walk-In-Clinic-Logo-160.png HTTP/1.1" 304 0
WARNING 2025-05-24 21:50:51,522 basehttp "GET /static/img/blog/covid.jpg HTTP/1.1" 404 1981
WARNING 2025-05-24 21:50:51,522 basehttp "GET /static/img/blog/neck-pain.jpg HTTP/1.1" 404 1993
WARNING 2025-05-24 21:50:51,523 basehttp "GET /static/img/blog/auto-injury.jpg HTTP/1.1" 404 1999
INFO 2025-05-24 21:50:51,833 basehttp "GET /static/img/slider/02.jpg HTTP/1.1" 304 0
INFO 2025-05-24 21:50:51,833 basehttp "GET /static/img/slider/01.jpg HTTP/1.1" 304 0
INFO 2025-05-24 21:50:51,834 basehttp "GET /static/img/slider/03.jpg HTTP/1.1" 304 0
INFO 2025-05-24 21:50:51,835 basehttp "GET /static/img/slider/04.jpg HTTP/1.1" 304 0
INFO 2025-05-24 21:50:51,836 basehttp "GET /api/reviews/ HTTP/1.1" 200 1397
INFO 2025-05-24 21:50:57,632 basehttp "GET /static/img/pin.png HTTP/1.1" 304 0
INFO 2025-05-24 21:57:11,378 autoreload Watching for file changes with StatReloader
INFO 2025-05-24 21:57:15,505 basehttp "GET / HTTP/1.1" 200 55918
WARNING 2025-05-24 21:57:15,556 basehttp "GET /static/img/blog/auto-injury.jpg HTTP/1.1" 404 1999
WARNING 2025-05-24 21:57:15,558 basehttp "GET /static/img/blog/neck-pain.jpg HTTP/1.1" 404 1993
WARNING 2025-05-24 21:57:15,560 basehttp "GET /static/img/blog/covid.jpg HTTP/1.1" 404 1981
INFO 2025-05-24 22:00:57,928 basehttp "GET / HTTP/1.1" 200 56986
WARNING 2025-05-24 22:00:57,954 basehttp "GET /static/img/blog/auto-injury.jpg HTTP/1.1" 404 1999
WARNING 2025-05-24 22:00:57,958 basehttp "GET /static/img/blog/neck-pain.jpg HTTP/1.1" 404 1993
WARNING 2025-05-24 22:00:57,960 basehttp "GET /static/img/blog/covid.jpg HTTP/1.1" 404 1981
INFO 2025-05-24 22:08:58,091 autoreload Watching for file changes with StatReloader
INFO 2025-05-24 22:09:04,635 basehttp "GET / HTTP/1.1" 200 57704
INFO 2025-05-24 22:09:04,663 basehttp "GET /static/dist/styles.css HTTP/1.1" 304 0
INFO 2025-05-24 22:09:04,664 basehttp "GET /static/img/ARTlogoWHITE.png HTTP/1.1" 304 0
INFO 2025-05-24 22:09:04,664 basehttp "GET /static/img/arrow__mobile.png HTTP/1.1" 304 0
INFO 2025-05-24 22:09:04,672 basehttp "GET /static/img/massage.png HTTP/1.1" 304 0
INFO 2025-05-24 22:09:04,674 basehttp "GET /static/img/Chiropractic.png HTTP/1.1" 304 0
INFO 2025-05-24 22:09:04,674 basehttp "GET /static/img/therapy.png HTTP/1.1" 304 0
INFO 2025-05-24 22:09:04,676 basehttp "GET /static/img/acupuncture.png HTTP/1.1" 304 0
INFO 2025-05-24 22:09:04,677 basehttp "GET /static/img/newbasketball.svg HTTP/1.1" 304 0
INFO 2025-05-24 22:09:04,677 basehttp "GET /static/img/newcar.svg HTTP/1.1" 304 0
INFO 2025-05-24 22:09:04,677 basehttp "GET /static/img/newslipandfall.svg HTTP/1.1" 304 0
INFO 2025-05-24 22:09:04,677 basehttp "GET /static/img/newambulance.svg HTTP/1.1" 304 0
INFO 2025-05-24 22:09:04,677 basehttp "GET /static/img/newhardhat.svg HTTP/1.1" 304 0
INFO 2025-05-24 22:09:04,685 basehttp "GET /static/img/Family-Walk-In-Clinic-Logo-160.png HTTP/1.1" 304 0
WARNING 2025-05-24 22:09:04,687 basehttp "GET /static/img/blog/auto-injury.jpg HTTP/1.1" 404 1999
WARNING 2025-05-24 22:09:04,687 basehttp "GET /static/img/blog/neck-pain.jpg HTTP/1.1" 404 1993
WARNING 2025-05-24 22:09:04,687 basehttp "GET /static/img/blog/covid.jpg HTTP/1.1" 404 1981
INFO 2025-05-24 22:09:05,170 basehttp "GET /static/img/slider/02.jpg HTTP/1.1" 304 0
INFO 2025-05-24 22:09:05,170 basehttp "GET /static/img/slider/01.jpg HTTP/1.1" 304 0
INFO 2025-05-24 22:09:05,171 basehttp "GET /static/img/slider/03.jpg HTTP/1.1" 304 0
INFO 2025-05-24 22:09:05,172 basehttp "GET /static/img/slider/04.jpg HTTP/1.1" 304 0
INFO 2025-05-24 22:09:05,172 basehttp "GET /api/reviews/ HTTP/1.1" 200 1397
INFO 2025-05-24 22:09:10,979 basehttp "GET /static/img/pin.png HTTP/1.1" 304 0
INFO 2025-05-24 22:23:33,972 basehttp "GET / HTTP/1.1" 200 57638
WARNING 2025-05-24 22:23:34,012 basehttp "GET /static/img/blog/neck-pain.jpg HTTP/1.1" 404 1993
WARNING 2025-05-24 22:23:34,012 basehttp "GET /static/img/blog/auto-injury.jpg HTTP/1.1" 404 1999
WARNING 2025-05-24 22:23:34,012 basehttp "GET /static/img/blog/covid.jpg HTTP/1.1" 404 1981
INFO 2025-05-24 22:24:53,222 basehttp "GET / HTTP/1.1" 200 57638
WARNING 2025-05-24 22:24:53,248 basehttp "GET /static/img/blog/auto-injury.jpg HTTP/1.1" 404 1999
WARNING 2025-05-24 22:24:53,254 basehttp "GET /static/img/blog/neck-pain.jpg HTTP/1.1" 404 1993
WARNING 2025-05-24 22:24:53,254 basehttp "GET /static/img/blog/covid.jpg HTTP/1.1" 404 1981
INFO 2025-05-24 22:24:53,305 basehttp "GET /api/reviews/ HTTP/1.1" 200 1397
INFO 2025-05-24 22:26:09,980 basehttp "GET / HTTP/1.1" 200 57682
WARNING 2025-05-24 22:26:10,011 basehttp "GET /static/img/blog/neck-pain.jpg HTTP/1.1" 404 1993
WARNING 2025-05-24 22:26:10,012 basehttp "GET /static/img/blog/auto-injury.jpg HTTP/1.1" 404 1999
WARNING 2025-05-24 22:26:10,012 basehttp "GET /static/img/blog/covid.jpg HTTP/1.1" 404 1981
INFO 2025-05-24 22:26:12,745 basehttp "GET / HTTP/1.1" 200 57682
WARNING 2025-05-24 22:26:12,767 basehttp "GET /static/img/blog/auto-injury.jpg HTTP/1.1" 404 1999
WARNING 2025-05-24 22:26:12,767 basehttp "GET /static/img/blog/neck-pain.jpg HTTP/1.1" 404 1993
WARNING 2025-05-24 22:26:12,770 basehttp "GET /static/img/blog/covid.jpg HTTP/1.1" 404 1981
INFO 2025-05-24 22:28:14,707 basehttp "GET / HTTP/1.1" 200 57827
INFO 2025-05-24 22:28:14,724 basehttp "GET /static/dist/styles.css HTTP/1.1" 304 0
INFO 2025-05-24 22:28:14,724 basehttp "GET /static/img/ARTlogoWHITE.png HTTP/1.1" 304 0
INFO 2025-05-24 22:28:14,724 basehttp "GET /static/img/arrow__mobile.png HTTP/1.1" 304 0
INFO 2025-05-24 22:28:14,732 basehttp "GET /static/img/therapy.png HTTP/1.1" 304 0
INFO 2025-05-24 22:28:14,733 basehttp "GET /static/img/massage.png HTTP/1.1" 304 0
INFO 2025-05-24 22:28:14,733 basehttp "GET /static/img/Chiropractic.png HTTP/1.1" 304 0
INFO 2025-05-24 22:28:14,735 basehttp "GET /static/img/acupuncture.png HTTP/1.1" 304 0
INFO 2025-05-24 22:28:14,735 basehttp "GET /static/img/newcar.svg HTTP/1.1" 304 0
INFO 2025-05-24 22:28:14,739 basehttp "GET /static/img/newslipandfall.svg HTTP/1.1" 304 0
INFO 2025-05-24 22:28:14,739 basehttp "GET /static/img/newambulance.svg HTTP/1.1" 304 0
INFO 2025-05-24 22:28:14,740 basehttp "GET /static/img/newbasketball.svg HTTP/1.1" 304 0
INFO 2025-05-24 22:28:14,742 basehttp "GET /static/img/newhardhat.svg HTTP/1.1" 304 0
WARNING 2025-05-24 22:28:14,752 basehttp "GET /static/img/blog/auto-injury.jpg HTTP/1.1" 404 1999
INFO 2025-05-24 22:28:14,752 basehttp "GET /static/img/Family-Walk-In-Clinic-Logo-160.png HTTP/1.1" 304 0
WARNING 2025-05-24 22:28:14,753 basehttp "GET /static/img/blog/covid.jpg HTTP/1.1" 404 1981
WARNING 2025-05-24 22:28:14,753 basehttp "GET /static/img/blog/neck-pain.jpg HTTP/1.1" 404 1993
INFO 2025-05-24 22:28:14,857 basehttp "GET /static/img/slider/02.jpg HTTP/1.1" 304 0
INFO 2025-05-24 22:28:14,858 basehttp "GET /static/img/slider/03.jpg HTTP/1.1" 304 0
INFO 2025-05-24 22:28:14,858 basehttp "GET /static/img/slider/01.jpg HTTP/1.1" 304 0
INFO 2025-05-24 22:28:14,858 basehttp "GET /static/img/slider/04.jpg HTTP/1.1" 304 0
INFO 2025-05-24 22:28:14,971 basehttp "GET /static/img/pin.png HTTP/1.1" 304 0
INFO 2025-05-24 22:29:44,521 basehttp "GET / HTTP/1.1" 200 57529
WARNING 2025-05-24 22:29:44,557 basehttp "GET /static/img/blog/covid.jpg HTTP/1.1" 404 1981
WARNING 2025-05-24 22:29:44,557 basehttp "GET /static/img/blog/neck-pain.jpg HTTP/1.1" 404 1993
WARNING 2025-05-24 22:29:44,557 basehttp "GET /static/img/blog/auto-injury.jpg HTTP/1.1" 404 1999
INFO 2025-05-24 22:37:20,021 basehttp "GET / HTTP/1.1" 200 57523
WARNING 2025-05-24 22:37:20,046 basehttp "GET /static/img/blog/auto-injury.jpg HTTP/1.1" 404 1999
WARNING 2025-05-24 22:37:20,052 basehttp "GET /static/img/blog/neck-pain.jpg HTTP/1.1" 404 1993
WARNING 2025-05-24 22:37:20,052 basehttp "GET /static/img/blog/covid.jpg HTTP/1.1" 404 1981
INFO 2025-05-24 22:41:20,355 basehttp "GET / HTTP/1.1" 200 57533
WARNING 2025-05-24 22:41:20,375 basehttp "GET /static/img/blog/auto-injury.jpg HTTP/1.1" 404 1999
WARNING 2025-05-24 22:41:20,390 basehttp "GET /static/img/blog/neck-pain.jpg HTTP/1.1" 404 1993
WARNING 2025-05-24 22:41:20,390 basehttp "GET /static/img/blog/covid.jpg HTTP/1.1" 404 1981
INFO 2025-05-24 22:41:20,509 basehttp "GET /api/reviews/ HTTP/1.1" 200 1397
ERROR 2025-05-24 22:44:35,275 log Internal Server Error: /
Traceback (most recent call last):
  File "C:\Users\growy\AppData\Local\pypoetry\Cache\virtualenvs\artwebsite-4OwBQkft-py3.12\Lib\site-packages\django\template\base.py", line 510, in parse
    compile_func = self.tags[command]
                   ~~~~~~~~~^^^^^^^^^
KeyError: 'static'

During handling of the above exception, another exception occurred:

Traceback (most recent call last):
  File "C:\Users\growy\AppData\Local\pypoetry\Cache\virtualenvs\artwebsite-4OwBQkft-py3.12\Lib\site-packages\django\core\handlers\exception.py", line 55, in inner
    response = get_response(request)
               ^^^^^^^^^^^^^^^^^^^^^
  File "C:\Users\growy\AppData\Local\pypoetry\Cache\virtualenvs\artwebsite-4OwBQkft-py3.12\Lib\site-packages\django\core\handlers\base.py", line 197, in _get_response
    response = wrapped_callback(request, *callback_args, **callback_kwargs)
               ^^^^^^^^^^^^^^^^^^^^^^^^^^^^^^^^^^^^^^^^^^^^^^^^^^^^^^^^^^^^
  File "C:\Users\growy\AppData\Local\pypoetry\Cache\virtualenvs\artwebsite-4OwBQkft-py3.12\Lib\site-packages\django\views\decorators\http.py", line 64, in inner
    return func(request, *args, **kwargs)
           ^^^^^^^^^^^^^^^^^^^^^^^^^^^^^^
  File "C:\Users\growy\CascadeProjects\artwebsite\acceleratedrehabtherapy\apps\main\views.py", line 177, in home
    return render(request, 'main/home.html', context)
           ^^^^^^^^^^^^^^^^^^^^^^^^^^^^^^^^^^^^^^^^^^
  File "C:\Users\growy\AppData\Local\pypoetry\Cache\virtualenvs\artwebsite-4OwBQkft-py3.12\Lib\site-packages\django\shortcuts.py", line 25, in render
    content = loader.render_to_string(template_name, context, request, using=using)
              ^^^^^^^^^^^^^^^^^^^^^^^^^^^^^^^^^^^^^^^^^^^^^^^^^^^^^^^^^^^^^^^^^^^^^
  File "C:\Users\growy\AppData\Local\pypoetry\Cache\virtualenvs\artwebsite-4OwBQkft-py3.12\Lib\site-packages\django\template\loader.py", line 62, in render_to_string
    return template.render(context, request)
           ^^^^^^^^^^^^^^^^^^^^^^^^^^^^^^^^^
  File "C:\Users\growy\AppData\Local\pypoetry\Cache\virtualenvs\artwebsite-4OwBQkft-py3.12\Lib\site-packages\django\template\backends\django.py", line 107, in render
    return self.template.render(context)
           ^^^^^^^^^^^^^^^^^^^^^^^^^^^^^
  File "C:\Users\growy\AppData\Local\pypoetry\Cache\virtualenvs\artwebsite-4OwBQkft-py3.12\Lib\site-packages\django\template\base.py", line 171, in render
    return self._render(context)
           ^^^^^^^^^^^^^^^^^^^^^
  File "C:\Users\growy\AppData\Local\pypoetry\Cache\virtualenvs\artwebsite-4OwBQkft-py3.12\Lib\site-packages\django\template\base.py", line 163, in _render
    return self.nodelist.render(context)
           ^^^^^^^^^^^^^^^^^^^^^^^^^^^^^
  File "C:\Users\growy\AppData\Local\pypoetry\Cache\virtualenvs\artwebsite-4OwBQkft-py3.12\Lib\site-packages\django\template\base.py", line 1008, in render
    return SafeString("".join([node.render_annotated(context) for node in self]))
                               ^^^^^^^^^^^^^^^^^^^^^^^^^^^^^^
  File "C:\Users\growy\AppData\Local\pypoetry\Cache\virtualenvs\artwebsite-4OwBQkft-py3.12\Lib\site-packages\django\template\base.py", line 969, in render_annotated
    return self.render(context)
           ^^^^^^^^^^^^^^^^^^^^
  File "C:\Users\growy\AppData\Local\pypoetry\Cache\virtualenvs\artwebsite-4OwBQkft-py3.12\Lib\site-packages\django\template\loader_tags.py", line 134, in render
    compiled_parent = self.get_parent(context)
                      ^^^^^^^^^^^^^^^^^^^^^^^^
  File "C:\Users\growy\AppData\Local\pypoetry\Cache\virtualenvs\artwebsite-4OwBQkft-py3.12\Lib\site-packages\django\template\loader_tags.py", line 131, in get_parent
    return self.find_template(parent, context)
           ^^^^^^^^^^^^^^^^^^^^^^^^^^^^^^^^^^^
  File "C:\Users\growy\AppData\Local\pypoetry\Cache\virtualenvs\artwebsite-4OwBQkft-py3.12\Lib\site-packages\django\template\loader_tags.py", line 109, in find_template
    template, origin = context.template.engine.find_template(
                       ^^^^^^^^^^^^^^^^^^^^^^^^^^^^^^^^^^^^^^
  File "C:\Users\growy\AppData\Local\pypoetry\Cache\virtualenvs\artwebsite-4OwBQkft-py3.12\Lib\site-packages\django\template\engine.py", line 159, in find_template
    template = loader.get_template(name, skip=skip)
               ^^^^^^^^^^^^^^^^^^^^^^^^^^^^^^^^^^^^
  File "C:\Users\growy\AppData\Local\pypoetry\Cache\virtualenvs\artwebsite-4OwBQkft-py3.12\Lib\site-packages\django\template\loaders\cached.py", line 57, in get_template
    template = super().get_template(template_name, skip)
               ^^^^^^^^^^^^^^^^^^^^^^^^^^^^^^^^^^^^^^^^^
  File "C:\Users\growy\AppData\Local\pypoetry\Cache\virtualenvs\artwebsite-4OwBQkft-py3.12\Lib\site-packages\django\template\loaders\base.py", line 28, in get_template
    return Template(
           ^^^^^^^^^
  File "C:\Users\growy\AppData\Local\pypoetry\Cache\virtualenvs\artwebsite-4OwBQkft-py3.12\Lib\site-packages\django\template\base.py", line 154, in __init__
    self.nodelist = self.compile_nodelist()
                    ^^^^^^^^^^^^^^^^^^^^^^^
  File "C:\Users\growy\AppData\Local\pypoetry\Cache\virtualenvs\artwebsite-4OwBQkft-py3.12\Lib\site-packages\django\template\base.py", line 196, in compile_nodelist
    nodelist = parser.parse()
               ^^^^^^^^^^^^^^
  File "C:\Users\growy\AppData\Local\pypoetry\Cache\virtualenvs\artwebsite-4OwBQkft-py3.12\Lib\site-packages\django\template\base.py", line 518, in parse
    raise self.error(token, e)
  File "C:\Users\growy\AppData\Local\pypoetry\Cache\virtualenvs\artwebsite-4OwBQkft-py3.12\Lib\site-packages\django\template\base.py", line 516, in parse
    compiled_result = compile_func(self, token)
                      ^^^^^^^^^^^^^^^^^^^^^^^^^
  File "C:\Users\growy\AppData\Local\pypoetry\Cache\virtualenvs\artwebsite-4OwBQkft-py3.12\Lib\site-packages\django\template\loader_tags.py", line 234, in do_block
    nodelist = parser.parse(("endblock",))
               ^^^^^^^^^^^^^^^^^^^^^^^^^^^
  File "C:\Users\growy\AppData\Local\pypoetry\Cache\virtualenvs\artwebsite-4OwBQkft-py3.12\Lib\site-packages\django\template\base.py", line 512, in parse
    self.invalid_block_tag(token, command, parse_until)
  File "C:\Users\growy\AppData\Local\pypoetry\Cache\virtualenvs\artwebsite-4OwBQkft-py3.12\Lib\site-packages\django\template\base.py", line 563, in invalid_block_tag
    raise self.error(
django.template.exceptions.TemplateSyntaxError: Invalid block tag on line 20: 'static', expected 'endblock'. Did you forget to register or load this tag?
ERROR 2025-05-24 22:44:35,280 basehttp "GET / HTTP/1.1" 500 240558
INFO 2025-05-24 22:46:16,856 basehttp "GET / HTTP/1.1" 200 61672
WARNING 2025-05-24 22:46:16,900 basehttp "GET /static/img/blog/auto-injury.jpg HTTP/1.1" 404 1999
WARNING 2025-05-24 22:46:16,904 basehttp "GET /static/img/blog/covid.jpg HTTP/1.1" 404 1981
WARNING 2025-05-24 22:46:16,904 basehttp "GET /static/img/blog/neck-pain.jpg HTTP/1.1" 404 1993
WARNING 2025-05-24 22:46:17,030 basehttp "GET /static/site.webmanifest HTTP/1.1" 404 1975
WARNING 2025-05-24 22:46:17,031 basehttp "GET /static/img/favicon.ico HTTP/1.1" 404 1972
WARNING 2025-05-24 22:46:17,087 basehttp "GET /static/img/favicon-32x32.png HTTP/1.1" 404 1990
WARNING 2025-05-24 22:46:17,092 basehttp "GET /static/img/favicon-16x16.png HTTP/1.1" 404 1990
INFO 2025-05-24 22:52:37,185 basehttp "GET / HTTP/1.1" 200 62537
INFO 2025-05-24 22:52:37,201 basehttp "GET /static/dist/styles.css HTTP/1.1" 304 0
INFO 2025-05-24 22:52:37,202 basehttp "GET /static/img/ARTlogoWHITE.png HTTP/1.1" 304 0
INFO 2025-05-24 22:52:37,202 basehttp "GET /static/img/arrow__mobile.png HTTP/1.1" 304 0
INFO 2025-05-24 22:52:37,217 basehttp "GET /static/img/Chiropractic.png HTTP/1.1" 304 0
INFO 2025-05-24 22:52:37,217 basehttp "GET /static/img/massage.png HTTP/1.1" 304 0
INFO 2025-05-24 22:52:37,217 basehttp "GET /static/img/therapy.png HTTP/1.1" 304 0
INFO 2025-05-24 22:52:37,218 basehttp "GET /static/img/acupuncture.png HTTP/1.1" 304 0
INFO 2025-05-24 22:52:37,218 basehttp "GET /static/img/newcar.svg HTTP/1.1" 304 0
INFO 2025-05-24 22:52:37,218 basehttp "GET /static/img/newhardhat.svg HTTP/1.1" 304 0
INFO 2025-05-24 22:52:37,221 basehttp "GET /static/img/newbasketball.svg HTTP/1.1" 304 0
INFO 2025-05-24 22:52:37,221 basehttp "GET /static/img/newslipandfall.svg HTTP/1.1" 304 0
INFO 2025-05-24 22:52:37,222 basehttp "GET /static/img/newambulance.svg HTTP/1.1" 304 0
INFO 2025-05-24 22:52:37,227 basehttp "GET /static/img/Family-Walk-In-Clinic-Logo-160.png HTTP/1.1" 304 0
WARNING 2025-05-24 22:52:37,227 basehttp "GET /static/img/blog/auto-injury.jpg HTTP/1.1" 404 1999
WARNING 2025-05-24 22:52:37,228 basehttp "GET /static/img/blog/neck-pain.jpg HTTP/1.1" 404 1993
WARNING 2025-05-24 22:52:37,229 basehttp "GET /static/img/blog/covid.jpg HTTP/1.1" 404 1981
INFO 2025-05-24 22:52:37,437 basehttp "GET /static/img/slider/01.jpg HTTP/1.1" 304 0
INFO 2025-05-24 22:52:37,437 basehttp "GET /static/img/slider/02.jpg HTTP/1.1" 304 0
INFO 2025-05-24 22:52:37,437 basehttp "GET /static/img/slider/03.jpg HTTP/1.1" 304 0
INFO 2025-05-24 22:52:37,438 basehttp "GET /static/img/slider/04.jpg HTTP/1.1" 304 0
WARNING 2025-05-24 22:52:37,443 basehttp "GET /static/site.webmanifest HTTP/1.1" 404 1975
INFO 2025-05-24 22:54:09,895 basehttp "GET /static/img/pin.png HTTP/1.1" 304 0
INFO 2025-05-24 22:54:59,630 basehttp "GET / HTTP/1.1" 200 62607
WARNING 2025-05-24 22:54:59,671 basehttp "GET /static/img/blog/neck-pain.jpg HTTP/1.1" 404 1993
WARNING 2025-05-24 22:54:59,671 basehttp "GET /static/img/blog/auto-injury.jpg HTTP/1.1" 404 1999
WARNING 2025-05-24 22:54:59,671 basehttp "GET /static/img/blog/covid.jpg HTTP/1.1" 404 1981
WARNING 2025-05-24 22:54:59,883 basehttp "GET /static/site.webmanifest HTTP/1.1" 404 1975
INFO 2025-05-24 22:56:35,965 basehttp "GET / HTTP/1.1" 200 62599
WARNING 2025-05-24 22:56:35,987 basehttp "GET /static/img/blog/auto-injury.jpg HTTP/1.1" 404 1999
WARNING 2025-05-24 22:56:36,000 basehttp "GET /static/img/blog/neck-pain.jpg HTTP/1.1" 404 1993
WARNING 2025-05-24 22:56:36,000 basehttp "GET /static/img/blog/covid.jpg HTTP/1.1" 404 1981
INFO 2025-05-24 22:56:36,098 basehttp "GET /api/reviews/ HTTP/1.1" 200 1397
WARNING 2025-05-24 22:56:36,216 basehttp "GET /static/site.webmanifest HTTP/1.1" 404 1975
INFO 2025-05-24 22:58:11,628 basehttp "GET / HTTP/1.1" 200 62652
WARNING 2025-05-24 22:58:11,653 basehttp "GET /static/img/blog/auto-injury.jpg HTTP/1.1" 404 1999
WARNING 2025-05-24 22:58:11,658 basehttp "GET /static/img/blog/neck-pain.jpg HTTP/1.1" 404 1993
WARNING 2025-05-24 22:58:11,661 basehttp "GET /static/img/blog/covid.jpg HTTP/1.1" 404 1981
WARNING 2025-05-24 22:58:11,872 basehttp "GET /static/site.webmanifest HTTP/1.1" 404 1975
INFO 2025-05-24 22:58:13,998 basehttp "GET / HTTP/1.1" 200 62652
WARNING 2025-05-24 22:58:14,023 basehttp "GET /static/img/blog/auto-injury.jpg HTTP/1.1" 404 1999
WARNING 2025-05-24 22:58:14,023 basehttp "GET /static/img/blog/neck-pain.jpg HTTP/1.1" 404 1993
WARNING 2025-05-24 22:58:14,027 basehttp "GET /static/img/blog/covid.jpg HTTP/1.1" 404 1981
WARNING 2025-05-24 22:58:14,130 basehttp "GET /static/site.webmanifest HTTP/1.1" 404 1975
INFO 2025-05-24 22:58:24,897 basehttp "GET / HTTP/1.1" 200 62652
WARNING 2025-05-24 22:58:24,917 basehttp "GET /static/img/blog/auto-injury.jpg HTTP/1.1" 404 1999
WARNING 2025-05-24 22:58:24,917 basehttp "GET /static/img/blog/neck-pain.jpg HTTP/1.1" 404 1993
WARNING 2025-05-24 22:58:24,923 basehttp "GET /static/img/blog/covid.jpg HTTP/1.1" 404 1981
WARNING 2025-05-24 22:58:25,065 basehttp "GET /static/site.webmanifest HTTP/1.1" 404 1975
INFO 2025-05-24 23:02:23,100 basehttp "GET / HTTP/1.1" 200 62675
WARNING 2025-05-24 23:02:23,144 basehttp "GET /static/img/blog/neck-pain.jpg HTTP/1.1" 404 1993
WARNING 2025-05-24 23:02:23,145 basehttp "GET /static/img/blog/auto-injury.jpg HTTP/1.1" 404 1999
WARNING 2025-05-24 23:02:23,148 basehttp "GET /static/img/blog/covid.jpg HTTP/1.1" 404 1981
WARNING 2025-05-24 23:02:23,333 basehttp "GET /static/site.webmanifest HTTP/1.1" 404 1975
INFO 2025-05-24 23:02:25,465 basehttp "GET / HTTP/1.1" 200 62675
WARNING 2025-05-24 23:02:25,488 basehttp "GET /static/img/blog/auto-injury.jpg HTTP/1.1" 404 1999
WARNING 2025-05-24 23:02:25,488 basehttp "GET /static/img/blog/neck-pain.jpg HTTP/1.1" 404 1993
WARNING 2025-05-24 23:02:25,492 basehttp "GET /static/img/blog/covid.jpg HTTP/1.1" 404 1981
WARNING 2025-05-24 23:02:25,583 basehttp "GET /static/site.webmanifest HTTP/1.1" 404 1975
INFO 2025-05-24 23:03:52,623 basehttp "GET / HTTP/1.1" 200 62537
WARNING 2025-05-24 23:03:52,648 basehttp "GET /static/img/blog/auto-injury.jpg HTTP/1.1" 404 1999
WARNING 2025-05-24 23:03:52,653 basehttp "GET /static/img/blog/neck-pain.jpg HTTP/1.1" 404 1993
WARNING 2025-05-24 23:03:52,656 basehttp "GET /static/img/blog/covid.jpg HTTP/1.1" 404 1981
WARNING 2025-05-24 23:03:52,879 basehttp "GET /static/site.webmanifest HTTP/1.1" 404 1975
INFO 2025-05-24 23:03:54,430 basehttp "GET / HTTP/1.1" 200 62537
WARNING 2025-05-24 23:03:54,453 basehttp "GET /static/img/blog/neck-pain.jpg HTTP/1.1" 404 1993
WARNING 2025-05-24 23:03:54,454 basehttp "GET /static/img/blog/auto-injury.jpg HTTP/1.1" 404 1999
WARNING 2025-05-24 23:03:54,458 basehttp "GET /static/img/blog/covid.jpg HTTP/1.1" 404 1981
WARNING 2025-05-24 23:03:54,556 basehttp "GET /static/site.webmanifest HTTP/1.1" 404 1975
INFO 2025-05-24 23:04:12,062 basehttp "GET / HTTP/1.1" 200 62537
WARNING 2025-05-24 23:04:12,089 basehttp "GET /static/img/blog/neck-pain.jpg HTTP/1.1" 404 1993
WARNING 2025-05-24 23:04:12,089 basehttp "GET /static/img/blog/auto-injury.jpg HTTP/1.1" 404 1999
WARNING 2025-05-24 23:04:12,091 basehttp "GET /static/img/blog/covid.jpg HTTP/1.1" 404 1981
WARNING 2025-05-24 23:04:12,180 basehttp "GET /static/site.webmanifest HTTP/1.1" 404 1975
INFO 2025-05-24 23:06:06,604 basehttp "GET / HTTP/1.1" 200 62536
WARNING 2025-05-24 23:06:06,630 basehttp "GET /static/img/blog/auto-injury.jpg HTTP/1.1" 404 1999
WARNING 2025-05-24 23:06:06,633 basehttp "GET /static/img/blog/neck-pain.jpg HTTP/1.1" 404 1993
WARNING 2025-05-24 23:06:06,635 basehttp "GET /static/img/blog/covid.jpg HTTP/1.1" 404 1981
WARNING 2025-05-24 23:06:06,840 basehttp "GET /static/site.webmanifest HTTP/1.1" 404 1975
INFO 2025-05-24 23:08:22,752 basehttp "GET / HTTP/1.1" 200 62541
WARNING 2025-05-24 23:08:22,770 basehttp "GET /static/img/blog/auto-injury.jpg HTTP/1.1" 404 1999
WARNING 2025-05-24 23:08:22,784 basehttp "GET /static/img/blog/neck-pain.jpg HTTP/1.1" 404 1993
WARNING 2025-05-24 23:08:22,784 basehttp "GET /static/img/blog/covid.jpg HTTP/1.1" 404 1981
WARNING 2025-05-24 23:08:23,000 basehttp "GET /static/site.webmanifest HTTP/1.1" 404 1975
INFO 2025-05-24 23:08:27,377 basehttp "GET / HTTP/1.1" 200 62541
WARNING 2025-05-24 23:08:27,404 basehttp "GET /static/img/blog/auto-injury.jpg HTTP/1.1" 404 1999
WARNING 2025-05-24 23:08:27,404 basehttp "GET /static/img/blog/neck-pain.jpg HTTP/1.1" 404 1993
WARNING 2025-05-24 23:08:27,409 basehttp "GET /static/img/blog/covid.jpg HTTP/1.1" 404 1981
WARNING 2025-05-24 23:08:27,490 basehttp "GET /static/site.webmanifest HTTP/1.1" 404 1975
INFO 2025-05-24 23:09:21,483 basehttp "GET / HTTP/1.1" 200 62541
WARNING 2025-05-24 23:09:21,501 basehttp "GET /static/img/blog/auto-injury.jpg HTTP/1.1" 404 1999
WARNING 2025-05-24 23:09:21,501 basehttp "GET /static/img/blog/neck-pain.jpg HTTP/1.1" 404 1993
WARNING 2025-05-24 23:09:21,512 basehttp "GET /static/img/blog/covid.jpg HTTP/1.1" 404 1981
WARNING 2025-05-24 23:09:21,720 basehttp "GET /static/site.webmanifest HTTP/1.1" 404 1975
INFO 2025-05-24 23:09:22,682 basehttp "GET / HTTP/1.1" 200 62541
WARNING 2025-05-24 23:09:22,705 basehttp "GET /static/img/blog/auto-injury.jpg HTTP/1.1" 404 1999
WARNING 2025-05-24 23:09:22,709 basehttp "GET /static/img/blog/neck-pain.jpg HTTP/1.1" 404 1993
WARNING 2025-05-24 23:09:22,710 basehttp "GET /static/img/blog/covid.jpg HTTP/1.1" 404 1981
WARNING 2025-05-24 23:09:22,796 basehttp "GET /static/site.webmanifest HTTP/1.1" 404 1975
INFO 2025-05-24 23:10:34,536 basehttp "GET / HTTP/1.1" 200 62551
WARNING 2025-05-24 23:10:34,559 basehttp "GET /static/img/blog/auto-injury.jpg HTTP/1.1" 404 1999
WARNING 2025-05-24 23:10:34,570 basehttp "GET /static/img/blog/neck-pain.jpg HTTP/1.1" 404 1993
WARNING 2025-05-24 23:10:34,572 basehttp "GET /static/img/blog/covid.jpg HTTP/1.1" 404 1981
WARNING 2025-05-24 23:10:34,775 basehttp "GET /static/site.webmanifest HTTP/1.1" 404 1975
INFO 2025-05-24 23:10:35,564 basehttp "GET / HTTP/1.1" 200 62551
WARNING 2025-05-24 23:10:35,586 basehttp "GET /static/img/blog/neck-pain.jpg HTTP/1.1" 404 1993
WARNING 2025-05-24 23:10:35,586 basehttp "GET /static/img/blog/auto-injury.jpg HTTP/1.1" 404 1999
WARNING 2025-05-24 23:10:35,588 basehttp "GET /static/img/blog/covid.jpg HTTP/1.1" 404 1981
WARNING 2025-05-24 23:10:35,718 basehttp "GET /static/site.webmanifest HTTP/1.1" 404 1975
INFO 2025-05-24 23:11:39,998 basehttp "GET / HTTP/1.1" 200 62616
WARNING 2025-05-24 23:11:40,018 basehttp "GET /static/img/blog/auto-injury.jpg HTTP/1.1" 404 1999
WARNING 2025-05-24 23:11:40,026 basehttp "GET /static/img/blog/neck-pain.jpg HTTP/1.1" 404 1993
WARNING 2025-05-24 23:11:40,026 basehttp "GET /static/img/blog/covid.jpg HTTP/1.1" 404 1981
INFO 2025-05-24 23:11:40,106 basehttp "GET /api/reviews/ HTTP/1.1" 200 1397
WARNING 2025-05-24 23:11:40,140 basehttp "GET /static/site.webmanifest HTTP/1.1" 404 1975
INFO 2025-05-24 23:15:40,504 basehttp "GET / HTTP/1.1" 200 62630
WARNING 2025-05-24 23:15:40,522 basehttp "GET /static/img/blog/auto-injury.jpg HTTP/1.1" 404 1999
WARNING 2025-05-24 23:15:40,531 basehttp "GET /static/img/blog/neck-pain.jpg HTTP/1.1" 404 1993
WARNING 2025-05-24 23:15:40,533 basehttp "GET /static/img/blog/covid.jpg HTTP/1.1" 404 1981
WARNING 2025-05-24 23:15:40,749 basehttp "GET /static/site.webmanifest HTTP/1.1" 404 1975
INFO 2025-05-24 23:15:41,643 basehttp "GET / HTTP/1.1" 200 62630
WARNING 2025-05-24 23:15:41,667 basehttp "GET /static/img/blog/auto-injury.jpg HTTP/1.1" 404 1999
WARNING 2025-05-24 23:15:41,668 basehttp "GET /static/img/blog/neck-pain.jpg HTTP/1.1" 404 1993
WARNING 2025-05-24 23:15:41,671 basehttp "GET /static/img/blog/covid.jpg HTTP/1.1" 404 1981
WARNING 2025-05-24 23:15:41,766 basehttp "GET /static/site.webmanifest HTTP/1.1" 404 1975
INFO 2025-05-24 23:18:42,091 basehttp "GET / HTTP/1.1" 200 62545
INFO 2025-05-24 23:18:42,104 basehttp "GET /static/dist/styles.css HTTP/1.1" 304 0
INFO 2025-05-24 23:18:42,106 basehttp "GET /static/img/ARTlogoWHITE.png HTTP/1.1" 304 0
INFO 2025-05-24 23:18:42,106 basehttp "GET /static/img/arrow__mobile.png HTTP/1.1" 304 0
INFO 2025-05-24 23:18:42,119 basehttp "GET /static/img/Chiropractic.png HTTP/1.1" 304 0
INFO 2025-05-24 23:18:42,119 basehttp "GET /static/img/massage.png HTTP/1.1" 304 0
INFO 2025-05-24 23:18:42,121 basehttp "GET /static/img/therapy.png HTTP/1.1" 304 0
INFO 2025-05-24 23:18:42,122 basehttp "GET /static/img/acupuncture.png HTTP/1.1" 304 0
INFO 2025-05-24 23:18:42,123 basehttp "GET /static/img/newcar.svg HTTP/1.1" 304 0
INFO 2025-05-24 23:18:42,123 basehttp "GET /static/img/newbasketball.svg HTTP/1.1" 304 0
INFO 2025-05-24 23:18:42,123 basehttp "GET /static/img/newambulance.svg HTTP/1.1" 304 0
INFO 2025-05-24 23:18:42,123 basehttp "GET /static/img/newhardhat.svg HTTP/1.1" 304 0
INFO 2025-05-24 23:18:42,124 basehttp "GET /static/img/newslipandfall.svg HTTP/1.1" 304 0
WARNING 2025-05-24 23:18:42,128 basehttp "GET /static/img/blog/auto-injury.jpg HTTP/1.1" 404 1999
INFO 2025-05-24 23:18:42,128 basehttp "GET /static/img/Family-Walk-In-Clinic-Logo-160.png HTTP/1.1" 304 0
WARNING 2025-05-24 23:18:42,133 basehttp "GET /static/img/blog/covid.jpg HTTP/1.1" 404 1981
WARNING 2025-05-24 23:18:42,133 basehttp "GET /static/img/blog/neck-pain.jpg HTTP/1.1" 404 1993
INFO 2025-05-24 23:18:42,208 basehttp "GET /static/img/slider/01.jpg HTTP/1.1" 304 0
INFO 2025-05-24 23:18:42,208 basehttp "GET /static/img/slider/03.jpg HTTP/1.1" 304 0
INFO 2025-05-24 23:18:42,208 basehttp "GET /static/img/slider/02.jpg HTTP/1.1" 304 0
INFO 2025-05-24 23:18:42,208 basehttp "GET /static/img/slider/04.jpg HTTP/1.1" 304 0
WARNING 2025-05-24 23:18:42,232 basehttp "GET /static/site.webmanifest HTTP/1.1" 404 1975
INFO 2025-05-24 23:18:43,511 basehttp "GET / HTTP/1.1" 200 62545
WARNING 2025-05-24 23:18:43,531 basehttp "GET /static/img/blog/auto-injury.jpg HTTP/1.1" 404 1999
WARNING 2025-05-24 23:18:43,531 basehttp "GET /static/img/blog/neck-pain.jpg HTTP/1.1" 404 1993
WARNING 2025-05-24 23:18:43,533 basehttp "GET /static/img/blog/covid.jpg HTTP/1.1" 404 1981
WARNING 2025-05-24 23:18:43,633 basehttp "GET /static/site.webmanifest HTTP/1.1" 404 1975
INFO 2025-05-24 23:19:53,662 basehttp "GET / HTTP/1.1" 200 62523
WARNING 2025-05-24 23:19:53,676 basehttp "GET /static/img/blog/auto-injury.jpg HTTP/1.1" 404 1999
WARNING 2025-05-24 23:19:53,690 basehttp "GET /static/img/blog/neck-pain.jpg HTTP/1.1" 404 1993
WARNING 2025-05-24 23:19:53,692 basehttp "GET /static/img/blog/covid.jpg HTTP/1.1" 404 1981
WARNING 2025-05-24 23:19:53,827 basehttp "GET /static/site.webmanifest HTTP/1.1" 404 1975
INFO 2025-05-24 23:19:55,438 basehttp "GET / HTTP/1.1" 200 62523
WARNING 2025-05-24 23:19:55,462 basehttp "GET /static/img/blog/auto-injury.jpg HTTP/1.1" 404 1999
WARNING 2025-05-24 23:19:55,462 basehttp "GET /static/img/blog/neck-pain.jpg HTTP/1.1" 404 1993
WARNING 2025-05-24 23:19:55,466 basehttp "GET /static/img/blog/covid.jpg HTTP/1.1" 404 1981
WARNING 2025-05-24 23:19:55,553 basehttp "GET /static/site.webmanifest HTTP/1.1" 404 1975
INFO 2025-05-24 23:21:47,994 basehttp "GET / HTTP/1.1" 200 62525
WARNING 2025-05-24 23:21:48,022 basehttp "GET /static/img/blog/auto-injury.jpg HTTP/1.1" 404 1999
WARNING 2025-05-24 23:21:48,024 basehttp "GET /static/img/blog/neck-pain.jpg HTTP/1.1" 404 1993
WARNING 2025-05-24 23:21:48,025 basehttp "GET /static/img/blog/covid.jpg HTTP/1.1" 404 1981
WARNING 2025-05-24 23:21:48,116 basehttp "GET /static/site.webmanifest HTTP/1.1" 404 1975
INFO 2025-05-24 23:23:10,464 basehttp "GET / HTTP/1.1" 200 62530
WARNING 2025-05-24 23:23:10,491 basehttp "GET /static/img/blog/auto-injury.jpg HTTP/1.1" 404 1999
WARNING 2025-05-24 23:23:10,492 basehttp "GET /static/img/blog/neck-pain.jpg HTTP/1.1" 404 1993
WARNING 2025-05-24 23:23:10,492 basehttp "GET /static/img/blog/covid.jpg HTTP/1.1" 404 1981
WARNING 2025-05-24 23:23:10,645 basehttp "GET /static/site.webmanifest HTTP/1.1" 404 1975
INFO 2025-05-24 23:27:02,652 basehttp "GET / HTTP/1.1" 200 62567
WARNING 2025-05-24 23:27:02,670 basehttp "GET /static/img/blog/auto-injury.jpg HTTP/1.1" 404 1999
WARNING 2025-05-24 23:27:02,684 basehttp "GET /static/img/blog/neck-pain.jpg HTTP/1.1" 404 1993
WARNING 2025-05-24 23:27:02,684 basehttp "GET /static/img/blog/covid.jpg HTTP/1.1" 404 1981
INFO 2025-05-24 23:27:02,775 basehttp "GET /api/reviews/ HTTP/1.1" 200 1397
WARNING 2025-05-24 23:27:02,887 basehttp "GET /static/site.webmanifest HTTP/1.1" 404 1975
INFO 2025-05-24 23:27:16,997 basehttp "GET / HTTP/1.1" 200 62567
WARNING 2025-05-24 23:27:17,021 basehttp "GET /static/img/blog/auto-injury.jpg HTTP/1.1" 404 1999
WARNING 2025-05-24 23:27:17,021 basehttp "GET /static/img/blog/neck-pain.jpg HTTP/1.1" 404 1993
WARNING 2025-05-24 23:27:17,025 basehttp "GET /static/img/blog/covid.jpg HTTP/1.1" 404 1981
WARNING 2025-05-24 23:27:17,121 basehttp "GET /static/site.webmanifest HTTP/1.1" 404 1975
INFO 2025-05-24 23:28:43,418 basehttp "GET / HTTP/1.1" 200 62508
WARNING 2025-05-24 23:28:43,442 basehttp "GET /static/img/blog/auto-injury.jpg HTTP/1.1" 404 1999
WARNING 2025-05-24 23:28:43,449 basehttp "GET /static/img/blog/neck-pain.jpg HTTP/1.1" 404 1993
WARNING 2025-05-24 23:28:43,449 basehttp "GET /static/img/blog/covid.jpg HTTP/1.1" 404 1981
WARNING 2025-05-24 23:28:43,641 basehttp "GET /static/site.webmanifest HTTP/1.1" 404 1975
INFO 2025-05-24 23:28:48,521 basehttp "GET / HTTP/1.1" 200 62508
WARNING 2025-05-24 23:28:48,545 basehttp "GET /static/img/blog/auto-injury.jpg HTTP/1.1" 404 1999
WARNING 2025-05-24 23:28:48,545 basehttp "GET /static/img/blog/neck-pain.jpg HTTP/1.1" 404 1993
WARNING 2025-05-24 23:28:48,550 basehttp "GET /static/img/blog/covid.jpg HTTP/1.1" 404 1981
WARNING 2025-05-24 23:28:48,653 basehttp "GET /static/site.webmanifest HTTP/1.1" 404 1975
INFO 2025-05-24 23:29:07,901 basehttp "GET / HTTP/1.1" 200 62508
WARNING 2025-05-24 23:29:07,922 basehttp "GET /static/img/blog/auto-injury.jpg HTTP/1.1" 404 1999
WARNING 2025-05-24 23:29:07,922 basehttp "GET /static/img/blog/neck-pain.jpg HTTP/1.1" 404 1993
WARNING 2025-05-24 23:29:07,927 basehttp "GET /static/img/blog/covid.jpg HTTP/1.1" 404 1981
WARNING 2025-05-24 23:29:08,165 basehttp "GET /static/site.webmanifest HTTP/1.1" 404 1975
INFO 2025-05-24 23:29:09,267 basehttp "GET / HTTP/1.1" 200 62508
WARNING 2025-05-24 23:29:09,290 basehttp "GET /static/img/blog/auto-injury.jpg HTTP/1.1" 404 1999
WARNING 2025-05-24 23:29:09,290 basehttp "GET /static/img/blog/neck-pain.jpg HTTP/1.1" 404 1993
WARNING 2025-05-24 23:29:09,296 basehttp "GET /static/img/blog/covid.jpg HTTP/1.1" 404 1981
WARNING 2025-05-24 23:29:09,428 basehttp "GET /static/site.webmanifest HTTP/1.1" 404 1975
INFO 2025-05-24 23:29:13,587 basehttp "GET / HTTP/1.1" 200 62508
WARNING 2025-05-24 23:29:13,605 basehttp "GET /static/img/blog/auto-injury.jpg HTTP/1.1" 404 1999
WARNING 2025-05-24 23:29:13,606 basehttp "GET /static/img/blog/neck-pain.jpg HTTP/1.1" 404 1993
WARNING 2025-05-24 23:29:13,610 basehttp "GET /static/img/blog/covid.jpg HTTP/1.1" 404 1981
WARNING 2025-05-24 23:29:13,709 basehttp "GET /static/site.webmanifest HTTP/1.1" 404 1975
INFO 2025-05-24 23:30:13,132 basehttp "GET / HTTP/1.1" 200 62600
WARNING 2025-05-24 23:30:13,153 basehttp "GET /static/img/blog/auto-injury.jpg HTTP/1.1" 404 1999
WARNING 2025-05-24 23:30:13,159 basehttp "GET /static/img/blog/neck-pain.jpg HTTP/1.1" 404 1993
WARNING 2025-05-24 23:30:13,161 basehttp "GET /static/img/blog/covid.jpg HTTP/1.1" 404 1981
WARNING 2025-05-24 23:30:13,380 basehttp "GET /static/site.webmanifest HTTP/1.1" 404 1975
INFO 2025-05-24 23:33:13,334 basehttp "GET / HTTP/1.1" 200 64748
WARNING 2025-05-24 23:33:13,361 basehttp "GET /static/img/blog/auto-injury.jpg HTTP/1.1" 404 1999
WARNING 2025-05-24 23:33:13,366 basehttp "GET /static/img/blog/neck-pain.jpg HTTP/1.1" 404 1993
WARNING 2025-05-24 23:33:13,369 basehttp "GET /static/img/blog/covid.jpg HTTP/1.1" 404 1981
WARNING 2025-05-24 23:33:13,537 basehttp "GET /static/site.webmanifest HTTP/1.1" 404 1975
INFO 2025-05-24 23:35:13,977 basehttp "GET / HTTP/1.1" 200 64729
WARNING 2025-05-24 23:35:13,992 basehttp "GET /static/img/blog/auto-injury.jpg HTTP/1.1" 404 1999
WARNING 2025-05-24 23:35:14,007 basehttp "GET /static/img/blog/covid.jpg HTTP/1.1" 404 1981
WARNING 2025-05-24 23:35:14,007 basehttp "GET /static/img/blog/neck-pain.jpg HTTP/1.1" 404 1993
WARNING 2025-05-24 23:35:14,171 basehttp "GET /static/site.webmanifest HTTP/1.1" 404 1975
INFO 2025-05-24 23:35:15,092 basehttp "GET / HTTP/1.1" 200 64729
WARNING 2025-05-24 23:35:15,110 basehttp "GET /static/img/blog/auto-injury.jpg HTTP/1.1" 404 1999
WARNING 2025-05-24 23:35:15,110 basehttp "GET /static/img/blog/neck-pain.jpg HTTP/1.1" 404 1993
WARNING 2025-05-24 23:35:15,115 basehttp "GET /static/img/blog/covid.jpg HTTP/1.1" 404 1981
WARNING 2025-05-24 23:35:15,216 basehttp "GET /static/site.webmanifest HTTP/1.1" 404 1975
INFO 2025-05-24 23:35:15,609 basehttp "GET / HTTP/1.1" 200 64729
WARNING 2025-05-24 23:35:15,628 basehttp "GET /static/img/blog/auto-injury.jpg HTTP/1.1" 404 1999
WARNING 2025-05-24 23:35:15,628 basehttp "GET /static/img/blog/neck-pain.jpg HTTP/1.1" 404 1993
WARNING 2025-05-24 23:35:15,633 basehttp "GET /static/img/blog/covid.jpg HTTP/1.1" 404 1981
WARNING 2025-05-24 23:35:15,722 basehttp "GET /static/site.webmanifest HTTP/1.1" 404 1975
INFO 2025-05-24 23:35:15,809 basehttp "GET / HTTP/1.1" 200 64729
WARNING 2025-05-24 23:35:15,828 basehttp "GET /static/img/blog/neck-pain.jpg HTTP/1.1" 404 1993
WARNING 2025-05-24 23:35:15,828 basehttp "GET /static/img/blog/auto-injury.jpg HTTP/1.1" 404 1999
WARNING 2025-05-24 23:35:15,835 basehttp "GET /static/img/blog/covid.jpg HTTP/1.1" 404 1981
WARNING 2025-05-24 23:35:15,938 basehttp "GET /static/site.webmanifest HTTP/1.1" 404 1975
INFO 2025-05-24 23:35:16,015 basehttp "GET / HTTP/1.1" 200 64729
WARNING 2025-05-24 23:35:16,038 basehttp "GET /static/img/blog/auto-injury.jpg HTTP/1.1" 404 1999
WARNING 2025-05-24 23:35:16,038 basehttp "GET /static/img/blog/neck-pain.jpg HTTP/1.1" 404 1993
WARNING 2025-05-24 23:35:16,040 basehttp "GET /static/img/blog/covid.jpg HTTP/1.1" 404 1981
WARNING 2025-05-24 23:35:16,126 basehttp "GET /static/site.webmanifest HTTP/1.1" 404 1975
INFO 2025-05-24 23:35:33,557 basehttp "GET / HTTP/1.1" 200 64729
WARNING 2025-05-24 23:35:33,588 basehttp "GET /static/img/blog/auto-injury.jpg HTTP/1.1" 404 1999
WARNING 2025-05-24 23:35:33,588 basehttp "GET /static/img/blog/neck-pain.jpg HTTP/1.1" 404 1993
WARNING 2025-05-24 23:35:33,591 basehttp "GET /static/img/blog/covid.jpg HTTP/1.1" 404 1981
WARNING 2025-05-24 23:35:33,691 basehttp "GET /static/site.webmanifest HTTP/1.1" 404 1975
INFO 2025-05-24 23:36:48,659 basehttp "GET / HTTP/1.1" 200 64741
WARNING 2025-05-24 23:36:48,680 basehttp "GET /static/img/blog/auto-injury.jpg HTTP/1.1" 404 1999
WARNING 2025-05-24 23:36:48,691 basehttp "GET /static/img/blog/neck-pain.jpg HTTP/1.1" 404 1993
WARNING 2025-05-24 23:36:48,692 basehttp "GET /static/img/blog/covid.jpg HTTP/1.1" 404 1981
WARNING 2025-05-24 23:36:48,850 basehttp "GET /static/site.webmanifest HTTP/1.1" 404 1975
INFO 2025-05-24 23:38:23,099 basehttp "GET /auto-injury/ HTTP/1.1" 200 43752
WARNING 2025-05-24 23:38:23,281 basehttp "GET /static/site.webmanifest HTTP/1.1" 404 1975
INFO 2025-05-24 23:38:32,285 basehttp "GET /work-comp/ HTTP/1.1" 200 40083
WARNING 2025-05-24 23:38:32,380 basehttp "GET /static/site.webmanifest HTTP/1.1" 404 1975
INFO 2025-05-24 23:38:39,206 basehttp "GET /massage/ HTTP/1.1" 200 37865
WARNING 2025-05-24 23:38:39,304 basehttp "GET /static/site.webmanifest HTTP/1.1" 404 1975
INFO 2025-05-24 23:39:43,013 basehttp "GET / HTTP/1.1" 200 64741
WARNING 2025-05-24 23:39:43,044 basehttp "GET /static/img/blog/auto-injury.jpg HTTP/1.1" 404 1999
WARNING 2025-05-24 23:39:43,048 basehttp "GET /static/img/blog/neck-pain.jpg HTTP/1.1" 404 1993
WARNING 2025-05-24 23:39:43,050 basehttp "GET /static/img/blog/covid.jpg HTTP/1.1" 404 1981
WARNING 2025-05-24 23:39:43,199 basehttp "GET /static/site.webmanifest HTTP/1.1" 404 1975
